2024-06-25 18:56:30.366 [background-preinit] INFO  o.h.validator.internal.util.Version - HV000001: Hibernate Validator 8.0.1.Final
2024-06-25 18:56:30.421 [main] INFO  com.scs.Application - Starting Application using Java 21.0.3 with PID 84140 (D:\code\scs\start\target\classes started by O0001351 in D:\code\scs)
2024-06-25 18:56:30.421 [main] INFO  com.scs.Application - The following 1 profile is active: "dev"
2024-06-25 18:56:32.187 [main] INFO  o.s.b.w.e.tomcat.TomcatWebServer - Tomcat initialized with port 8080 (http)
2024-06-25 18:56:32.200 [main] INFO  o.a.coyote.http11.Http11NioProtocol - Initializing ProtocolHandler ["http-nio-8080"]
2024-06-25 18:56:32.201 [main] INFO  o.a.catalina.core.StandardService - Starting service [Tomcat]
2024-06-25 18:56:32.201 [main] INFO  o.a.catalina.core.StandardEngine - Starting Servlet engine: [Apache Tomcat/10.1.25]
2024-06-25 18:56:32.260 [main] INFO  o.a.c.c.C.[Tomcat].[localhost].[/] - Initializing Spring embedded WebApplicationContext
2024-06-25 18:56:32.261 [main] INFO  o.s.b.w.s.c.ServletWebServerApplicationContext - Root WebApplicationContext: initialization completed in 1776 ms
2024-06-25 18:56:33.174 [main] INFO  o.a.coyote.http11.Http11NioProtocol - Starting ProtocolHandler ["http-nio-8080"]
2024-06-25 18:56:33.192 [main] INFO  o.s.b.w.e.tomcat.TomcatWebServer - Tomcat started on port 8080 (http) with context path '/'
2024-06-25 18:56:33.203 [main] INFO  com.scs.Application - Started Application in 3.692 seconds (process running for 4.764)
2024-06-25 18:59:34.957 [background-preinit] INFO  o.h.validator.internal.util.Version - HV000001: Hibernate Validator 8.0.1.Final
2024-06-25 18:59:35.027 [main] INFO  com.scs.Application - Starting Application using Java 21.0.3 with PID 78688 (D:\code\scs\start\target\classes started by O0001351 in D:\code\scs)
2024-06-25 18:59:35.029 [main] INFO  com.scs.Application - The following 1 profile is active: "dev"
2024-06-25 18:59:36.766 [main] INFO  o.s.b.w.e.tomcat.TomcatWebServer - Tomcat initialized with port 8080 (http)
2024-06-25 18:59:36.779 [main] INFO  o.a.coyote.http11.Http11NioProtocol - Initializing ProtocolHandler ["http-nio-8080"]
2024-06-25 18:59:36.781 [main] INFO  o.a.catalina.core.StandardService - Starting service [Tomcat]
2024-06-25 18:59:36.781 [main] INFO  o.a.catalina.core.StandardEngine - Starting Servlet engine: [Apache Tomcat/10.1.25]
2024-06-25 18:59:36.838 [main] INFO  o.a.c.c.C.[Tomcat].[localhost].[/] - Initializing Spring embedded WebApplicationContext
2024-06-25 18:59:36.838 [main] INFO  o.s.b.w.s.c.ServletWebServerApplicationContext - Root WebApplicationContext: initialization completed in 1732 ms
2024-06-25 18:59:37.783 [main] INFO  o.a.coyote.http11.Http11NioProtocol - Starting ProtocolHandler ["http-nio-8080"]
2024-06-25 18:59:37.812 [main] INFO  o.s.b.w.e.tomcat.TomcatWebServer - Tomcat started on port 8080 (http) with context path '/'
2024-06-25 18:59:37.831 [main] INFO  com.scs.Application - Started Application in 3.843 seconds (process running for 4.823)
CONSOLE_LOG_PATTERN_IS_UNDEFINEDCONSOLE_LOG_PATTERN_IS_UNDEFINEDCONSOLE_LOG_PATTERN_IS_UNDEFINEDCONSOLE_LOG_PATTERN_IS_UNDEFINEDCONSOLE_LOG_PATTERN_IS_UNDEFINEDCONSOLE_LOG_PATTERN_IS_UNDEFINEDCONSOLE_LOG_PATTERN_IS_UNDEFINEDCONSOLE_LOG_PATTERN_IS_UNDEFINEDCONSOLE_LOG_PATTERN_IS_UNDEFINEDCONSOLE_LOG_PATTERN_IS_UNDEFINEDCONSOLE_LOG_PATTERN_IS_UNDEFINEDCONSOLE_LOG_PATTERN_IS_UNDEFINEDCONSOLE_LOG_PATTERN_IS_UNDEFINED[2m2024-06-25T19:03:54.692+08:00[0;39m [32m INFO[0;39m [35m94700[0;39m [2m---[0;39m [2m[           main][0;39m [2m[0;39m[36mcom.scs.Application                     [0;39m [2m:[0;39m Starting Application using Java 21.0.3 with PID 94700 (D:\code\scs\start\target\classes started by O0001351 in D:\code\scs)
[2m2024-06-25T19:03:54.693+08:00[0;39m [32mDEBUG[0;39m [35m94700[0;39m [2m---[0;39m [2m[           main][0;39m [2m[0;39m[36mcom.scs.Application                     [0;39m [2m:[0;39m Running with Spring Boot v3.3.1, Spring v6.1.10
[2m2024-06-25T19:03:54.693+08:00[0;39m [32m INFO[0;39m [35m94700[0;39m [2m---[0;39m [2m[           main][0;39m [2m[0;39m[36mcom.scs.Application                     [0;39m [2m:[0;39m The following 1 profile is active: "dev"
[2m2024-06-25T19:03:56.682+08:00[0;39m [32m INFO[0;39m [35m94700[0;39m [2m---[0;39m [2m[           main][0;39m [2m[0;39m[36mo.s.b.w.embedded.tomcat.TomcatWebServer [0;39m [2m:[0;39m Tomcat initialized with port 8080 (http)
[2m2024-06-25T19:03:56.697+08:00[0;39m [32m INFO[0;39m [35m94700[0;39m [2m---[0;39m [2m[           main][0;39m [2m[0;39m[36mo.apache.catalina.core.StandardService  [0;39m [2m:[0;39m Starting service [Tomcat]
[2m2024-06-25T19:03:56.698+08:00[0;39m [32m INFO[0;39m [35m94700[0;39m [2m---[0;39m [2m[           main][0;39m [2m[0;39m[36mo.apache.catalina.core.StandardEngine   [0;39m [2m:[0;39m Starting Servlet engine: [Apache Tomcat/10.1.25]
[2m2024-06-25T19:03:56.770+08:00[0;39m [32m INFO[0;39m [35m94700[0;39m [2m---[0;39m [2m[           main][0;39m [2m[0;39m[36mo.a.c.c.C.[Tomcat].[localhost].[/]      [0;39m [2m:[0;39m Initializing Spring embedded WebApplicationContext
[2m2024-06-25T19:03:56.770+08:00[0;39m [32m INFO[0;39m [35m94700[0;39m [2m---[0;39m [2m[           main][0;39m [2m[0;39m[36mw.s.c.ServletWebServerApplicationContext[0;39m [2m:[0;39m Root WebApplicationContext: initialization completed in 2004 ms
[2m2024-06-25T19:03:58.025+08:00[0;39m [32m INFO[0;39m [35m94700[0;39m [2m---[0;39m [2m[           main][0;39m [2m[0;39m[36mo.s.b.w.embedded.tomcat.TomcatWebServer [0;39m [2m:[0;39m Tomcat started on port 8080 (http) with context path '/'
[2m2024-06-25T19:03:58.039+08:00[0;39m [32m INFO[0;39m [35m94700[0;39m [2m---[0;39m [2m[           main][0;39m [2m[0;39m[36mcom.scs.Application                     [0;39m [2m:[0;39m Started Application in 4.306 seconds (process running for 5.441)
[2m2024-06-25T19:06:20.088+08:00[0;39m [32m INFO[0;39m [35m92416[0;39m [2m---[0;39m [2m[           main][0;39m [2m[0;39m[36mcom.scs.Application                     [0;39m [2m:[0;39m Starting Application using Java 21.0.3 with PID 92416 (D:\code\scs\start\target\classes started by O0001351 in D:\code\scs)
[2m2024-06-25T19:06:20.089+08:00[0;39m [32mDEBUG[0;39m [35m92416[0;39m [2m---[0;39m [2m[           main][0;39m [2m[0;39m[36mcom.scs.Application                     [0;39m [2m:[0;39m Running with Spring Boot v3.3.1, Spring v6.1.10
[2m2024-06-25T19:06:20.090+08:00[0;39m [32m INFO[0;39m [35m92416[0;39m [2m---[0;39m [2m[           main][0;39m [2m[0;39m[36mcom.scs.Application                     [0;39m [2m:[0;39m The following 1 profile is active: "dev"
[2m2024-06-25T19:06:22.406+08:00[0;39m [32m INFO[0;39m [35m92416[0;39m [2m---[0;39m [2m[           main][0;39m [2m[0;39m[36mo.s.b.w.embedded.tomcat.TomcatWebServer [0;39m [2m:[0;39m Tomcat initialized with port 8080 (http)
[2m2024-06-25T19:06:22.433+08:00[0;39m [32m INFO[0;39m [35m92416[0;39m [2m---[0;39m [2m[           main][0;39m [2m[0;39m[36mo.apache.catalina.core.StandardService  [0;39m [2m:[0;39m Starting service [Tomcat]
[2m2024-06-25T19:06:22.433+08:00[0;39m [32m INFO[0;39m [35m92416[0;39m [2m---[0;39m [2m[           main][0;39m [2m[0;39m[36mo.apache.catalina.core.StandardEngine   [0;39m [2m:[0;39m Starting Servlet engine: [Apache Tomcat/10.1.25]
[2m2024-06-25T19:06:22.555+08:00[0;39m [32m INFO[0;39m [35m92416[0;39m [2m---[0;39m [2m[           main][0;39m [2m[0;39m[36mo.a.c.c.C.[Tomcat].[localhost].[/]      [0;39m [2m:[0;39m Initializing Spring embedded WebApplicationContext
[2m2024-06-25T19:06:22.555+08:00[0;39m [32m INFO[0;39m [35m92416[0;39m [2m---[0;39m [2m[           main][0;39m [2m[0;39m[36mw.s.c.ServletWebServerApplicationContext[0;39m [2m:[0;39m Root WebApplicationContext: initialization completed in 2391 ms
[2m2024-06-25T19:06:23.792+08:00[0;39m [32m INFO[0;39m [35m92416[0;39m [2m---[0;39m [2m[           main][0;39m [2m[0;39m[36mo.s.b.w.embedded.tomcat.TomcatWebServer [0;39m [2m:[0;39m Tomcat started on port 8080 (http) with context path '/'
[2m2024-06-25T19:06:23.807+08:00[0;39m [32m INFO[0;39m [35m92416[0;39m [2m---[0;39m [2m[           main][0;39m [2m[0;39m[36mcom.scs.Application                     [0;39m [2m:[0;39m Started Application in 4.593 seconds (process running for 5.605)
[2m2024-06-25T19:10:44.395+08:00[0;39m [32m INFO[0;39m [35m92416[0;39m [2m---[0;39m [2m[     virtual-44][0;39m [2m[0;39m[36mo.a.c.c.C.[Tomcat].[localhost].[/]      [0;39m [2m:[0;39m Initializing Spring DispatcherServlet 'dispatcherServlet'
[2m2024-06-25T19:10:44.395+08:00[0;39m [32m INFO[0;39m [35m92416[0;39m [2m---[0;39m [2m[     virtual-44][0;39m [2m[0;39m[36mo.s.web.servlet.DispatcherServlet       [0;39m [2m:[0;39m Initializing Servlet 'dispatcherServlet'
[2m2024-06-25T19:10:44.397+08:00[0;39m [32m INFO[0;39m [35m92416[0;39m [2m---[0;39m [2m[     virtual-44][0;39m [2m[0;39m[36mo.s.web.servlet.DispatcherServlet       [0;39m [2m:[0;39m Completed initialization in 1 ms
[2m2024-06-25T19:11:39.826+08:00[0;39m [32m INFO[0;39m [35m78476[0;39m [2m---[0;39m [2m[           main][0;39m [2m[0;39m[36mcom.scs.Application                     [0;39m [2m:[0;39m Starting Application using Java 21.0.3 with PID 78476 (D:\code\scs\start\target\classes started by O0001351 in D:\code\scs)
[2m2024-06-25T19:11:39.827+08:00[0;39m [32mDEBUG[0;39m [35m78476[0;39m [2m---[0;39m [2m[           main][0;39m [2m[0;39m[36mcom.scs.Application                     [0;39m [2m:[0;39m Running with Spring Boot v3.3.1, Spring v6.1.10
[2m2024-06-25T19:11:39.828+08:00[0;39m [32m INFO[0;39m [35m78476[0;39m [2m---[0;39m [2m[           main][0;39m [2m[0;39m[36mcom.scs.Application                     [0;39m [2m:[0;39m The following 1 profile is active: "dev"
[2m2024-06-25T19:11:41.931+08:00[0;39m [32m INFO[0;39m [35m78476[0;39m [2m---[0;39m [2m[           main][0;39m [2m[0;39m[36mo.s.b.w.embedded.tomcat.TomcatWebServer [0;39m [2m:[0;39m Tomcat initialized with port 8080 (http)
[2m2024-06-25T19:11:41.951+08:00[0;39m [32m INFO[0;39m [35m78476[0;39m [2m---[0;39m [2m[           main][0;39m [2m[0;39m[36mo.apache.catalina.core.StandardService  [0;39m [2m:[0;39m Starting service [Tomcat]
[2m2024-06-25T19:11:41.952+08:00[0;39m [32m INFO[0;39m [35m78476[0;39m [2m---[0;39m [2m[           main][0;39m [2m[0;39m[36mo.apache.catalina.core.StandardEngine   [0;39m [2m:[0;39m Starting Servlet engine: [Apache Tomcat/10.1.25]
[2m2024-06-25T19:11:42.026+08:00[0;39m [32m INFO[0;39m [35m78476[0;39m [2m---[0;39m [2m[           main][0;39m [2m[0;39m[36mo.a.c.c.C.[Tomcat].[localhost].[/]      [0;39m [2m:[0;39m Initializing Spring embedded WebApplicationContext
[2m2024-06-25T19:11:42.027+08:00[0;39m [32m INFO[0;39m [35m78476[0;39m [2m---[0;39m [2m[           main][0;39m [2m[0;39m[36mw.s.c.ServletWebServerApplicationContext[0;39m [2m:[0;39m Root WebApplicationContext: initialization completed in 2137 ms
[2m2024-06-25T19:11:43.041+08:00[0;39m [32m INFO[0;39m [35m78476[0;39m [2m---[0;39m [2m[           main][0;39m [2m[0;39m[36mo.s.b.w.embedded.tomcat.TomcatWebServer [0;39m [2m:[0;39m Tomcat started on port 8080 (http) with context path '/'
[2m2024-06-25T19:11:43.053+08:00[0;39m [32m INFO[0;39m [35m78476[0;39m [2m---[0;39m [2m[           main][0;39m [2m[0;39m[36mcom.scs.Application                     [0;39m [2m:[0;39m Started Application in 4.187 seconds (process running for 5.163)
[2m2024-06-25T19:11:43.126+08:00[0;39m [32m INFO[0;39m [35m78476[0;39m [2m---[0;39m [2m[     virtual-54][0;39m [2m[0;39m[36mo.a.c.c.C.[Tomcat].[localhost].[/]      [0;39m [2m:[0;39m Initializing Spring DispatcherServlet 'dispatcherServlet'
[2m2024-06-25T19:11:43.126+08:00[0;39m [32m INFO[0;39m [35m78476[0;39m [2m---[0;39m [2m[     virtual-54][0;39m [2m[0;39m[36mo.s.web.servlet.DispatcherServlet       [0;39m [2m:[0;39m Initializing Servlet 'dispatcherServlet'
[2m2024-06-25T19:11:43.128+08:00[0;39m [32m INFO[0;39m [35m78476[0;39m [2m---[0;39m [2m[     virtual-54][0;39m [2m[0;39m[36mo.s.web.servlet.DispatcherServlet       [0;39m [2m:[0;39m Completed initialization in 2 ms
[2m2024-06-25T19:11:43.177+08:00[0;39m [32m INFO[0;39m [35m78476[0;39m [2m---[0;39m [2m[     virtual-54][0;39m [2m[0;39m[36mcom.scs.web.CustomerController          [0;39m [2m:[0;39m Hello, welcome to COLA world!
[2m2024-06-25T19:11:44.698+08:00[0;39m [32m INFO[0;39m [35m78476[0;39m [2m---[0;39m [2m[     virtual-65][0;39m [2m[0;39m[36mcom.scs.web.CustomerController          [0;39m [2m:[0;39m Hello, welcome to COLA world!
[2m2024-06-25T19:11:45.730+08:00[0;39m [32m INFO[0;39m [35m78476[0;39m [2m---[0;39m [2m[     virtual-66][0;39m [2m[0;39m[36mcom.scs.web.CustomerController          [0;39m [2m:[0;39m Hello, welcome to COLA world!
[2m2024-06-25T19:11:46.903+08:00[0;39m [32m INFO[0;39m [35m78476[0;39m [2m---[0;39m [2m[     virtual-67][0;39m [2m[0;39m[36mcom.scs.web.CustomerController          [0;39m [2m:[0;39m Hello, welcome to COLA world!
[2m2024-06-25T19:11:47.880+08:00[0;39m [32m INFO[0;39m [35m78476[0;39m [2m---[0;39m [2m[     virtual-68][0;39m [2m[0;39m[36mcom.scs.web.CustomerController          [0;39m [2m:[0;39m Hello, welcome to COLA world!
[2m2024-06-25T19:11:53.631+08:00[0;39m [32m INFO[0;39m [35m78476[0;39m [2m---[0;39m [2m[     virtual-69][0;39m [2m[0;39m[36mcom.scs.web.CustomerController          [0;39m [2m:[0;39m Hello, welcome to COLA world!
[2m2024-06-25T19:11:54.176+08:00[0;39m [32m INFO[0;39m [35m78476[0;39m [2m---[0;39m [2m[     virtual-70][0;39m [2m[0;39m[36mcom.scs.web.CustomerController          [0;39m [2m:[0;39m Hello, welcome to COLA world!
[2m2024-06-25T19:11:54.617+08:00[0;39m [32m INFO[0;39m [35m78476[0;39m [2m---[0;39m [2m[     virtual-71][0;39m [2m[0;39m[36mcom.scs.web.CustomerController          [0;39m [2m:[0;39m Hello, welcome to COLA world!
[2m2024-06-25T19:11:55.132+08:00[0;39m [32m INFO[0;39m [35m78476[0;39m [2m---[0;39m [2m[     virtual-72][0;39m [2m[0;39m[36mcom.scs.web.CustomerController          [0;39m [2m:[0;39m Hello, welcome to COLA world!
[2m2024-06-25T19:11:55.705+08:00[0;39m [32m INFO[0;39m [35m78476[0;39m [2m---[0;39m [2m[     virtual-73][0;39m [2m[0;39m[36mcom.scs.web.CustomerController          [0;39m [2m:[0;39m Hello, welcome to COLA world!
[2m2024-06-25T19:11:56.148+08:00[0;39m [32m INFO[0;39m [35m78476[0;39m [2m---[0;39m [2m[     virtual-74][0;39m [2m[0;39m[36mcom.scs.web.CustomerController          [0;39m [2m:[0;39m Hello, welcome to COLA world!
[2m2024-06-25T19:11:56.564+08:00[0;39m [32m INFO[0;39m [35m78476[0;39m [2m---[0;39m [2m[     virtual-75][0;39m [2m[0;39m[36mcom.scs.web.CustomerController          [0;39m [2m:[0;39m Hello, welcome to COLA world!
[2m2024-06-25T19:11:56.942+08:00[0;39m [32m INFO[0;39m [35m78476[0;39m [2m---[0;39m [2m[     virtual-76][0;39m [2m[0;39m[36mcom.scs.web.CustomerController          [0;39m [2m:[0;39m Hello, welcome to COLA world!
[2m2024-06-25T19:11:57.212+08:00[0;39m [32m INFO[0;39m [35m78476[0;39m [2m---[0;39m [2m[     virtual-77][0;39m [2m[0;39m[36mcom.scs.web.CustomerController          [0;39m [2m:[0;39m Hello, welcome to COLA world!
[2m2024-06-25T19:11:57.670+08:00[0;39m [32m INFO[0;39m [35m78476[0;39m [2m---[0;39m [2m[     virtual-78][0;39m [2m[0;39m[36mcom.scs.web.CustomerController          [0;39m [2m:[0;39m Hello, welcome to COLA world!
[2m2024-06-25T19:11:58.324+08:00[0;39m [32m INFO[0;39m [35m78476[0;39m [2m---[0;39m [2m[     virtual-79][0;39m [2m[0;39m[36mcom.scs.web.CustomerController          [0;39m [2m:[0;39m Hello, welcome to COLA world!
[2m2024-06-25T19:11:58.898+08:00[0;39m [32m INFO[0;39m [35m78476[0;39m [2m---[0;39m [2m[     virtual-80][0;39m [2m[0;39m[36mcom.scs.web.CustomerController          [0;39m [2m:[0;39m Hello, welcome to COLA world!
